2015-02-26 10:53:51 [127.0.0.1][-][-][error][yii\db\Exception] exception 'PDOException' with message 'SQLSTATE[HY000] [1049] Unknown database 'yii2advanced'' in C:\Users\jhoo\Desktop\www\yii2test\vendor\yiisoft\yii2\db\Connection.php:579
Stack trace:
#0 C:\Users\jhoo\Desktop\www\yii2test\vendor\yiisoft\yii2\db\Connection.php(579): PDO->__construct('mysql:host=loca...', 'root', '', NULL)
#1 C:\Users\jhoo\Desktop\www\yii2test\vendor\yiisoft\yii2\db\Connection.php(529): yii\db\Connection->createPdoInstance()
#2 C:\Users\jhoo\Desktop\www\yii2test\vendor\yiisoft\yii2\db\Connection.php(836): yii\db\Connection->open()
#3 C:\Users\jhoo\Desktop\www\yii2test\vendor\yiisoft\yii2\db\Connection.php(823): yii\db\Connection->getMasterPdo()
#4 C:\Users\jhoo\Desktop\www\yii2test\vendor\yiisoft\yii2\db\Schema.php(382): yii\db\Connection->getSlavePdo()
#5 C:\Users\jhoo\Desktop\www\yii2test\vendor\yiisoft\yii2\db\Connection.php(732): yii\db\Schema->quoteValue('demo')
#6 C:\Users\jhoo\Desktop\www\yii2test\vendor\yiisoft\yii2\db\Command.php(164): yii\db\Connection->quoteValue('demo')
#7 C:\Users\jhoo\Desktop\www\yii2test\vendor\yiisoft\yii2\db\Command.php(791): yii\db\Command->getRawSql()
#8 C:\Users\jhoo\Desktop\www\yii2test\vendor\yiisoft\yii2\db\Command.php(364): yii\db\Command->queryInternal('fetch', NULL)
#9 C:\Users\jhoo\Desktop\www\yii2test\vendor\yiisoft\yii2\db\Query.php(243): yii\db\Command->queryOne()
#10 C:\Users\jhoo\Desktop\www\yii2test\vendor\yiisoft\yii2\db\ActiveQuery.php(285): yii\db\Query->one(NULL)
#11 C:\Users\jhoo\Desktop\www\yii2test\vendor\yiisoft\yii2\db\ActiveRecord.php(191): yii\db\ActiveQuery->one()
#12 C:\Users\jhoo\Desktop\www\yii2test\vendor\yiisoft\yii2\db\BaseActiveRecord.php(101): yii\db\ActiveRecord::findByCondition(Array, true)
#13 C:\Users\jhoo\Desktop\www\yii2test\common\models\User.php(82): yii\db\BaseActiveRecord::findOne(Array)
#14 C:\Users\jhoo\Desktop\www\yii2test\common\models\LoginForm.php(73): common\models\User::findByUsername('demo')
#15 C:\Users\jhoo\Desktop\www\yii2test\common\models\LoginForm.php(44): common\models\LoginForm->getUser()
#16 [internal function]: common\models\LoginForm->validatePassword('password', NULL)
#17 C:\Users\jhoo\Desktop\www\yii2test\vendor\yiisoft\yii2\validators\InlineValidator.php(67): call_user_func(Array, 'password', NULL)
#18 C:\Users\jhoo\Desktop\www\yii2test\vendor\yiisoft\yii2\validators\Validator.php(238): yii\validators\InlineValidator->validateAttribute(Object(common\models\LoginForm), 'password')
#19 C:\Users\jhoo\Desktop\www\yii2test\vendor\yiisoft\yii2\base\Model.php(333): yii\validators\Validator->validateAttributes(Object(common\models\LoginForm), Array)
#20 C:\Users\jhoo\Desktop\www\yii2test\common\models\LoginForm.php(58): yii\base\Model->validate()
#21 C:\Users\jhoo\Desktop\www\yii2test\backend\controllers\SiteController.php(68): common\models\LoginForm->login()
#22 [internal function]: backend\controllers\SiteController->actionLogin()
#23 C:\Users\jhoo\Desktop\www\yii2test\vendor\yiisoft\yii2\base\InlineAction.php(55): call_user_func_array(Array, Array)
#24 C:\Users\jhoo\Desktop\www\yii2test\vendor\yiisoft\yii2\base\Controller.php(151): yii\base\InlineAction->runWithParams(Array)
#25 C:\Users\jhoo\Desktop\www\yii2test\vendor\yiisoft\yii2\base\Module.php(455): yii\base\Controller->runAction('login', Array)
#26 C:\Users\jhoo\Desktop\www\yii2test\vendor\yiisoft\yii2\web\Application.php(83): yii\base\Module->runAction('site/login', Array)
#27 C:\Users\jhoo\Desktop\www\yii2test\vendor\yiisoft\yii2\base\Application.php(375): yii\web\Application->handleRequest(Object(yii\web\Request))
#28 C:\Users\jhoo\Desktop\www\yii2test\backend\web\index.php(18): yii\base\Application->run()
#29 {main}

Next exception 'yii\db\Exception' with message 'SQLSTATE[HY000] [1049] Unknown database 'yii2advanced'' in C:\Users\jhoo\Desktop\www\yii2test\vendor\yiisoft\yii2\db\Connection.php:534
Stack trace:
#0 C:\Users\jhoo\Desktop\www\yii2test\vendor\yiisoft\yii2\db\Connection.php(836): yii\db\Connection->open()
#1 C:\Users\jhoo\Desktop\www\yii2test\vendor\yiisoft\yii2\db\Connection.php(823): yii\db\Connection->getMasterPdo()
#2 C:\Users\jhoo\Desktop\www\yii2test\vendor\yiisoft\yii2\db\Schema.php(382): yii\db\Connection->getSlavePdo()
#3 C:\Users\jhoo\Desktop\www\yii2test\vendor\yiisoft\yii2\db\Connection.php(732): yii\db\Schema->quoteValue('demo')
#4 C:\Users\jhoo\Desktop\www\yii2test\vendor\yiisoft\yii2\db\Command.php(164): yii\db\Connection->quoteValue('demo')
#5 C:\Users\jhoo\Desktop\www\yii2test\vendor\yiisoft\yii2\db\Command.php(791): yii\db\Command->getRawSql()
#6 C:\Users\jhoo\Desktop\www\yii2test\vendor\yiisoft\yii2\db\Command.php(364): yii\db\Command->queryInternal('fetch', NULL)
#7 C:\Users\jhoo\Desktop\www\yii2test\vendor\yiisoft\yii2\db\Query.php(243): yii\db\Command->queryOne()
#8 C:\Users\jhoo\Desktop\www\yii2test\vendor\yiisoft\yii2\db\ActiveQuery.php(285): yii\db\Query->one(NULL)
#9 C:\Users\jhoo\Desktop\www\yii2test\vendor\yiisoft\yii2\db\ActiveRecord.php(191): yii\db\ActiveQuery->one()
#10 C:\Users\jhoo\Desktop\www\yii2test\vendor\yiisoft\yii2\db\BaseActiveRecord.php(101): yii\db\ActiveRecord::findByCondition(Array, true)
#11 C:\Users\jhoo\Desktop\www\yii2test\common\models\User.php(82): yii\db\BaseActiveRecord::findOne(Array)
#12 C:\Users\jhoo\Desktop\www\yii2test\common\models\LoginForm.php(73): common\models\User::findByUsername('demo')
#13 C:\Users\jhoo\Desktop\www\yii2test\common\models\LoginForm.php(44): common\models\LoginForm->getUser()
#14 [internal function]: common\models\LoginForm->validatePassword('password', NULL)
#15 C:\Users\jhoo\Desktop\www\yii2test\vendor\yiisoft\yii2\validators\InlineValidator.php(67): call_user_func(Array, 'password', NULL)
#16 C:\Users\jhoo\Desktop\www\yii2test\vendor\yiisoft\yii2\validators\Validator.php(238): yii\validators\InlineValidator->validateAttribute(Object(common\models\LoginForm), 'password')
#17 C:\Users\jhoo\Desktop\www\yii2test\vendor\yiisoft\yii2\base\Model.php(333): yii\validators\Validator->validateAttributes(Object(common\models\LoginForm), Array)
#18 C:\Users\jhoo\Desktop\www\yii2test\common\models\LoginForm.php(58): yii\base\Model->validate()
#19 C:\Users\jhoo\Desktop\www\yii2test\backend\controllers\SiteController.php(68): common\models\LoginForm->login()
#20 [internal function]: backend\controllers\SiteController->actionLogin()
#21 C:\Users\jhoo\Desktop\www\yii2test\vendor\yiisoft\yii2\base\InlineAction.php(55): call_user_func_array(Array, Array)
#22 C:\Users\jhoo\Desktop\www\yii2test\vendor\yiisoft\yii2\base\Controller.php(151): yii\base\InlineAction->runWithParams(Array)
#23 C:\Users\jhoo\Desktop\www\yii2test\vendor\yiisoft\yii2\base\Module.php(455): yii\base\Controller->runAction('login', Array)
#24 C:\Users\jhoo\Desktop\www\yii2test\vendor\yiisoft\yii2\web\Application.php(83): yii\base\Module->runAction('site/login', Array)
#25 C:\Users\jhoo\Desktop\www\yii2test\vendor\yiisoft\yii2\base\Application.php(375): yii\web\Application->handleRequest(Object(yii\web\Request))
#26 C:\Users\jhoo\Desktop\www\yii2test\backend\web\index.php(18): yii\base\Application->run()
#27 {main}
Additional Information:

2015-02-26 10:53:51 [127.0.0.1][-][-][info][application] $_GET = [
    'r' => 'site/login'
]

$_POST = [
    '_csrf' => 'MWM4UjdWUjh9CVlkdBNie2MBYiNvbjRRblpuKE87DVNXVg83ey4aXA=='
    'LoginForm' => [
        'username' => 'demo'
        'password' => 'demo'
        'rememberMe' => '1'
    ]
    'login-button' => ''
]

$_COOKIE = [
    'PHPSESSID' => '6spqpevr8khnsa3jfvng050na4'
    '_csrf' => 'e14199f3233f5291d87c3e8e9abd02a424cd49e9473f58e980ada0122038efaas:32:\"Lja6CE0CRbZqX8fi_9Vzxm_kf57eLxHd\";'
]

$_SESSION = [
    '__flash' => []
    '__returnUrl' => '/'
]

$_SERVER = [
    'MIBDIRS' => 'C:/xampp/php/extras/mibs'
    'MYSQL_HOME' => '\\xampp\\mysql\\bin'
    'OPENSSL_CONF' => 'C:/xampp/apache/bin/openssl.cnf'
    'PHP_PEAR_SYSCONF_DIR' => '\\xampp\\php'
    'PHPRC' => '\\xampp\\php'
    'TMP' => '\\xampp\\tmp'
    'HTTP_HOST' => 'yii2.net'
    'HTTP_USER_AGENT' => 'Mozilla/5.0 (Windows NT 6.1; WOW64; rv:35.0) Gecko/20100101 Firefox/35.0'
    'HTTP_ACCEPT' => 'text/html,application/xhtml+xml,application/xml;q=0.9,*/*;q=0.8'
    'HTTP_ACCEPT_LANGUAGE' => 'zh-cn,zh;q=0.8,en-us;q=0.5,en;q=0.3'
    'HTTP_ACCEPT_ENCODING' => 'gzip, deflate'
    'HTTP_REFERER' => 'http://yii2.net/index.php?r=site%2Flogin'
    'HTTP_COOKIE' => 'PHPSESSID=6spqpevr8khnsa3jfvng050na4; _csrf=e14199f3233f5291d87c3e8e9abd02a424cd49e9473f58e980ada0122038efaas%3A32%3A%22Lja6CE0CRbZqX8fi_9Vzxm_kf57eLxHd%22%3B'
    'HTTP_CONNECTION' => 'keep-alive'
    'CONTENT_TYPE' => 'application/x-www-form-urlencoded'
    'CONTENT_LENGTH' => '194'
    'PATH' => 'C:\\ProgramData\\Oracle\\Java\\javapath;C:\\Windows\\system32;C:\\Windows;C:\\Windows\\System32\\Wbem;C:\\Windows\\System32\\WindowsPowerShell\\v1.0\\;C:\\Program Files\\TortoiseSVN\\bin;C:\\Program Files (x86)\\QuickTime\\QTSystem\\'
    'SystemRoot' => 'C:\\Windows'
    'COMSPEC' => 'C:\\Windows\\system32\\cmd.exe'
    'PATHEXT' => '.COM;.EXE;.BAT;.CMD;.VBS;.VBE;.JS;.JSE;.WSF;.WSH;.MSC'
    'WINDIR' => 'C:\\Windows'
    'SERVER_SIGNATURE' => '<address>Apache/2.4.10 (Win32) OpenSSL/1.0.1i PHP/5.6.3 Server at yii2.net Port 80</address>
'
    'SERVER_SOFTWARE' => 'Apache/2.4.10 (Win32) OpenSSL/1.0.1i PHP/5.6.3'
    'SERVER_NAME' => 'yii2.net'
    'SERVER_ADDR' => '127.0.0.1'
    'SERVER_PORT' => '80'
    'REMOTE_ADDR' => '127.0.0.1'
    'DOCUMENT_ROOT' => 'C:/Users/jhoo/Desktop/www/yii2test/backend/web'
    'REQUEST_SCHEME' => 'http'
    'CONTEXT_PREFIX' => ''
    'CONTEXT_DOCUMENT_ROOT' => 'C:/Users/jhoo/Desktop/www/yii2test/backend/web'
    'SERVER_ADMIN' => 'webmaster@dummy-host2.example.com'
    'SCRIPT_FILENAME' => 'C:/Users/jhoo/Desktop/www/yii2test/backend/web/index.php'
    'REMOTE_PORT' => '61872'
    'GATEWAY_INTERFACE' => 'CGI/1.1'
    'SERVER_PROTOCOL' => 'HTTP/1.1'
    'REQUEST_METHOD' => 'POST'
    'QUERY_STRING' => 'r=site%2Flogin'
    'REQUEST_URI' => '/index.php?r=site%2Flogin'
    'SCRIPT_NAME' => '/index.php'
    'PHP_SELF' => '/index.php'
    'REQUEST_TIME_FLOAT' => 1424944431.446
    'REQUEST_TIME' => 1424944431
]
2015-02-26 10:56:33 [127.0.0.1][-][-][error][yii\db\Exception] exception 'PDOException' with message 'SQLSTATE[42S02]: Base table or view not found: 1146 Table 'yii2advanced.user' doesn't exist' in C:\Users\jhoo\Desktop\www\yii2test\vendor\yiisoft\yii2\db\Command.php:821
Stack trace:
#0 C:\Users\jhoo\Desktop\www\yii2test\vendor\yiisoft\yii2\db\Command.php(821): PDOStatement->execute()
#1 C:\Users\jhoo\Desktop\www\yii2test\vendor\yiisoft\yii2\db\Command.php(364): yii\db\Command->queryInternal('fetch', NULL)
#2 C:\Users\jhoo\Desktop\www\yii2test\vendor\yiisoft\yii2\db\Query.php(243): yii\db\Command->queryOne()
#3 C:\Users\jhoo\Desktop\www\yii2test\vendor\yiisoft\yii2\db\ActiveQuery.php(285): yii\db\Query->one(NULL)
#4 C:\Users\jhoo\Desktop\www\yii2test\vendor\yiisoft\yii2\db\ActiveRecord.php(191): yii\db\ActiveQuery->one()
#5 C:\Users\jhoo\Desktop\www\yii2test\vendor\yiisoft\yii2\db\BaseActiveRecord.php(101): yii\db\ActiveRecord::findByCondition(Array, true)
#6 C:\Users\jhoo\Desktop\www\yii2test\common\models\User.php(82): yii\db\BaseActiveRecord::findOne(Array)
#7 C:\Users\jhoo\Desktop\www\yii2test\common\models\LoginForm.php(73): common\models\User::findByUsername('demo')
#8 C:\Users\jhoo\Desktop\www\yii2test\common\models\LoginForm.php(44): common\models\LoginForm->getUser()
#9 [internal function]: common\models\LoginForm->validatePassword('password', NULL)
#10 C:\Users\jhoo\Desktop\www\yii2test\vendor\yiisoft\yii2\validators\InlineValidator.php(67): call_user_func(Array, 'password', NULL)
#11 C:\Users\jhoo\Desktop\www\yii2test\vendor\yiisoft\yii2\validators\Validator.php(238): yii\validators\InlineValidator->validateAttribute(Object(common\models\LoginForm), 'password')
#12 C:\Users\jhoo\Desktop\www\yii2test\vendor\yiisoft\yii2\base\Model.php(333): yii\validators\Validator->validateAttributes(Object(common\models\LoginForm), Array)
#13 C:\Users\jhoo\Desktop\www\yii2test\common\models\LoginForm.php(58): yii\base\Model->validate()
#14 C:\Users\jhoo\Desktop\www\yii2test\backend\controllers\SiteController.php(68): common\models\LoginForm->login()
#15 [internal function]: backend\controllers\SiteController->actionLogin()
#16 C:\Users\jhoo\Desktop\www\yii2test\vendor\yiisoft\yii2\base\InlineAction.php(55): call_user_func_array(Array, Array)
#17 C:\Users\jhoo\Desktop\www\yii2test\vendor\yiisoft\yii2\base\Controller.php(151): yii\base\InlineAction->runWithParams(Array)
#18 C:\Users\jhoo\Desktop\www\yii2test\vendor\yiisoft\yii2\base\Module.php(455): yii\base\Controller->runAction('login', Array)
#19 C:\Users\jhoo\Desktop\www\yii2test\vendor\yiisoft\yii2\web\Application.php(83): yii\base\Module->runAction('site/login', Array)
#20 C:\Users\jhoo\Desktop\www\yii2test\vendor\yiisoft\yii2\base\Application.php(375): yii\web\Application->handleRequest(Object(yii\web\Request))
#21 C:\Users\jhoo\Desktop\www\yii2test\backend\web\index.php(18): yii\base\Application->run()
#22 {main}

Next exception 'yii\db\Exception' with message 'SQLSTATE[42S02]: Base table or view not found: 1146 Table 'yii2advanced.user' doesn't exist
The SQL being executed was: SELECT * FROM `user` WHERE (`username`='demo') AND (`status`=10)' in C:\Users\jhoo\Desktop\www\yii2test\vendor\yiisoft\yii2\db\Schema.php:532
Stack trace:
#0 C:\Users\jhoo\Desktop\www\yii2test\vendor\yiisoft\yii2\db\Command.php(836): yii\db\Schema->convertException(Object(PDOException), 'SELECT * FROM `...')
#1 C:\Users\jhoo\Desktop\www\yii2test\vendor\yiisoft\yii2\db\Command.php(364): yii\db\Command->queryInternal('fetch', NULL)
#2 C:\Users\jhoo\Desktop\www\yii2test\vendor\yiisoft\yii2\db\Query.php(243): yii\db\Command->queryOne()
#3 C:\Users\jhoo\Desktop\www\yii2test\vendor\yiisoft\yii2\db\ActiveQuery.php(285): yii\db\Query->one(NULL)
#4 C:\Users\jhoo\Desktop\www\yii2test\vendor\yiisoft\yii2\db\ActiveRecord.php(191): yii\db\ActiveQuery->one()
#5 C:\Users\jhoo\Desktop\www\yii2test\vendor\yiisoft\yii2\db\BaseActiveRecord.php(101): yii\db\ActiveRecord::findByCondition(Array, true)
#6 C:\Users\jhoo\Desktop\www\yii2test\common\models\User.php(82): yii\db\BaseActiveRecord::findOne(Array)
#7 C:\Users\jhoo\Desktop\www\yii2test\common\models\LoginForm.php(73): common\models\User::findByUsername('demo')
#8 C:\Users\jhoo\Desktop\www\yii2test\common\models\LoginForm.php(44): common\models\LoginForm->getUser()
#9 [internal function]: common\models\LoginForm->validatePassword('password', NULL)
#10 C:\Users\jhoo\Desktop\www\yii2test\vendor\yiisoft\yii2\validators\InlineValidator.php(67): call_user_func(Array, 'password', NULL)
#11 C:\Users\jhoo\Desktop\www\yii2test\vendor\yiisoft\yii2\validators\Validator.php(238): yii\validators\InlineValidator->validateAttribute(Object(common\models\LoginForm), 'password')
#12 C:\Users\jhoo\Desktop\www\yii2test\vendor\yiisoft\yii2\base\Model.php(333): yii\validators\Validator->validateAttributes(Object(common\models\LoginForm), Array)
#13 C:\Users\jhoo\Desktop\www\yii2test\common\models\LoginForm.php(58): yii\base\Model->validate()
#14 C:\Users\jhoo\Desktop\www\yii2test\backend\controllers\SiteController.php(68): common\models\LoginForm->login()
#15 [internal function]: backend\controllers\SiteController->actionLogin()
#16 C:\Users\jhoo\Desktop\www\yii2test\vendor\yiisoft\yii2\base\InlineAction.php(55): call_user_func_array(Array, Array)
#17 C:\Users\jhoo\Desktop\www\yii2test\vendor\yiisoft\yii2\base\Controller.php(151): yii\base\InlineAction->runWithParams(Array)
#18 C:\Users\jhoo\Desktop\www\yii2test\vendor\yiisoft\yii2\base\Module.php(455): yii\base\Controller->runAction('login', Array)
#19 C:\Users\jhoo\Desktop\www\yii2test\vendor\yiisoft\yii2\web\Application.php(83): yii\base\Module->runAction('site/login', Array)
#20 C:\Users\jhoo\Desktop\www\yii2test\vendor\yiisoft\yii2\base\Application.php(375): yii\web\Application->handleRequest(Object(yii\web\Request))
#21 C:\Users\jhoo\Desktop\www\yii2test\backend\web\index.php(18): yii\base\Application->run()
#22 {main}
Additional Information:
Array
(
    [0] => 42S02
    [1] => 1146
    [2] => Table 'yii2advanced.user' doesn't exist
)

2015-02-26 10:56:33 [127.0.0.1][-][-][info][application] $_GET = [
    'r' => 'site/login'
]

$_POST = [
    '_csrf' => 'MWM4UjdWUjh9CVlkdBNie2MBYiNvbjRRblpuKE87DVNXVg83ey4aXA=='
    'LoginForm' => [
        'username' => 'demo'
        'password' => 'demo'
        'rememberMe' => '1'
    ]
    'login-button' => ''
]

$_COOKIE = [
    'PHPSESSID' => '6spqpevr8khnsa3jfvng050na4'
    '_csrf' => 'e14199f3233f5291d87c3e8e9abd02a424cd49e9473f58e980ada0122038efaas:32:\"Lja6CE0CRbZqX8fi_9Vzxm_kf57eLxHd\";'
]

$_SESSION = [
    '__flash' => []
    '__returnUrl' => '/'
]

$_SERVER = [
    'MIBDIRS' => 'C:/xampp/php/extras/mibs'
    'MYSQL_HOME' => '\\xampp\\mysql\\bin'
    'OPENSSL_CONF' => 'C:/xampp/apache/bin/openssl.cnf'
    'PHP_PEAR_SYSCONF_DIR' => '\\xampp\\php'
    'PHPRC' => '\\xampp\\php'
    'TMP' => '\\xampp\\tmp'
    'HTTP_HOST' => 'yii2.net'
    'HTTP_USER_AGENT' => 'Mozilla/5.0 (Windows NT 6.1; WOW64; rv:35.0) Gecko/20100101 Firefox/35.0'
    'HTTP_ACCEPT' => 'text/html,application/xhtml+xml,application/xml;q=0.9,*/*;q=0.8'
    'HTTP_ACCEPT_LANGUAGE' => 'zh-cn,zh;q=0.8,en-us;q=0.5,en;q=0.3'
    'HTTP_ACCEPT_ENCODING' => 'gzip, deflate'
    'HTTP_REFERER' => 'http://yii2.net/index.php?r=site%2Flogin'
    'HTTP_COOKIE' => 'PHPSESSID=6spqpevr8khnsa3jfvng050na4; _csrf=e14199f3233f5291d87c3e8e9abd02a424cd49e9473f58e980ada0122038efaas%3A32%3A%22Lja6CE0CRbZqX8fi_9Vzxm_kf57eLxHd%22%3B'
    'HTTP_CONNECTION' => 'keep-alive'
    'HTTP_CACHE_CONTROL' => 'max-age=0'
    'CONTENT_TYPE' => 'application/x-www-form-urlencoded'
    'CONTENT_LENGTH' => '194'
    'PATH' => 'C:\\ProgramData\\Oracle\\Java\\javapath;C:\\Windows\\system32;C:\\Windows;C:\\Windows\\System32\\Wbem;C:\\Windows\\System32\\WindowsPowerShell\\v1.0\\;C:\\Program Files\\TortoiseSVN\\bin;C:\\Program Files (x86)\\QuickTime\\QTSystem\\'
    'SystemRoot' => 'C:\\Windows'
    'COMSPEC' => 'C:\\Windows\\system32\\cmd.exe'
    'PATHEXT' => '.COM;.EXE;.BAT;.CMD;.VBS;.VBE;.JS;.JSE;.WSF;.WSH;.MSC'
    'WINDIR' => 'C:\\Windows'
    'SERVER_SIGNATURE' => '<address>Apache/2.4.10 (Win32) OpenSSL/1.0.1i PHP/5.6.3 Server at yii2.net Port 80</address>
'
    'SERVER_SOFTWARE' => 'Apache/2.4.10 (Win32) OpenSSL/1.0.1i PHP/5.6.3'
    'SERVER_NAME' => 'yii2.net'
    'SERVER_ADDR' => '127.0.0.1'
    'SERVER_PORT' => '80'
    'REMOTE_ADDR' => '127.0.0.1'
    'DOCUMENT_ROOT' => 'C:/Users/jhoo/Desktop/www/yii2test/backend/web'
    'REQUEST_SCHEME' => 'http'
    'CONTEXT_PREFIX' => ''
    'CONTEXT_DOCUMENT_ROOT' => 'C:/Users/jhoo/Desktop/www/yii2test/backend/web'
    'SERVER_ADMIN' => 'webmaster@dummy-host2.example.com'
    'SCRIPT_FILENAME' => 'C:/Users/jhoo/Desktop/www/yii2test/backend/web/index.php'
    'REMOTE_PORT' => '61969'
    'GATEWAY_INTERFACE' => 'CGI/1.1'
    'SERVER_PROTOCOL' => 'HTTP/1.1'
    'REQUEST_METHOD' => 'POST'
    'QUERY_STRING' => 'r=site%2Flogin'
    'REQUEST_URI' => '/index.php?r=site%2Flogin'
    'SCRIPT_NAME' => '/index.php'
    'PHP_SELF' => '/index.php'
    'REQUEST_TIME_FLOAT' => 1424944593.325
    'REQUEST_TIME' => 1424944593
]
2015-03-18 11:14:08 [127.0.0.1][-][-][error][yii\db\Exception] exception 'PDOException' with message 'SQLSTATE[42S02]: Base table or view not found: 1146 Table 'yii2advanced.user' doesn't exist' in C:\Users\jhoo\Desktop\www\yii2test\vendor\yiisoft\yii2\db\Command.php:821
Stack trace:
#0 C:\Users\jhoo\Desktop\www\yii2test\vendor\yiisoft\yii2\db\Command.php(821): PDOStatement->execute()
#1 C:\Users\jhoo\Desktop\www\yii2test\vendor\yiisoft\yii2\db\Command.php(364): yii\db\Command->queryInternal('fetch', NULL)
#2 C:\Users\jhoo\Desktop\www\yii2test\vendor\yiisoft\yii2\db\Query.php(243): yii\db\Command->queryOne()
#3 C:\Users\jhoo\Desktop\www\yii2test\vendor\yiisoft\yii2\db\ActiveQuery.php(285): yii\db\Query->one(NULL)
#4 C:\Users\jhoo\Desktop\www\yii2test\vendor\yiisoft\yii2\db\ActiveRecord.php(191): yii\db\ActiveQuery->one()
#5 C:\Users\jhoo\Desktop\www\yii2test\vendor\yiisoft\yii2\db\BaseActiveRecord.php(101): yii\db\ActiveRecord::findByCondition(Array, true)
#6 C:\Users\jhoo\Desktop\www\yii2test\common\models\User.php(82): yii\db\BaseActiveRecord::findOne(Array)
#7 C:\Users\jhoo\Desktop\www\yii2test\common\models\LoginForm.php(73): common\models\User::findByUsername('demo')
#8 C:\Users\jhoo\Desktop\www\yii2test\common\models\LoginForm.php(44): common\models\LoginForm->getUser()
#9 [internal function]: common\models\LoginForm->validatePassword('password', NULL)
#10 C:\Users\jhoo\Desktop\www\yii2test\vendor\yiisoft\yii2\validators\InlineValidator.php(67): call_user_func(Array, 'password', NULL)
#11 C:\Users\jhoo\Desktop\www\yii2test\vendor\yiisoft\yii2\validators\Validator.php(238): yii\validators\InlineValidator->validateAttribute(Object(common\models\LoginForm), 'password')
#12 C:\Users\jhoo\Desktop\www\yii2test\vendor\yiisoft\yii2\base\Model.php(333): yii\validators\Validator->validateAttributes(Object(common\models\LoginForm), Array)
#13 C:\Users\jhoo\Desktop\www\yii2test\common\models\LoginForm.php(58): yii\base\Model->validate()
#14 C:\Users\jhoo\Desktop\www\yii2test\backend\controllers\SiteController.php(68): common\models\LoginForm->login()
#15 [internal function]: backend\controllers\SiteController->actionLogin()
#16 C:\Users\jhoo\Desktop\www\yii2test\vendor\yiisoft\yii2\base\InlineAction.php(55): call_user_func_array(Array, Array)
#17 C:\Users\jhoo\Desktop\www\yii2test\vendor\yiisoft\yii2\base\Controller.php(151): yii\base\InlineAction->runWithParams(Array)
#18 C:\Users\jhoo\Desktop\www\yii2test\vendor\yiisoft\yii2\base\Module.php(455): yii\base\Controller->runAction('login', Array)
#19 C:\Users\jhoo\Desktop\www\yii2test\vendor\yiisoft\yii2\web\Application.php(83): yii\base\Module->runAction('site/login', Array)
#20 C:\Users\jhoo\Desktop\www\yii2test\vendor\yiisoft\yii2\base\Application.php(375): yii\web\Application->handleRequest(Object(yii\web\Request))
#21 C:\Users\jhoo\Desktop\www\yii2test\backend\web\index.php(18): yii\base\Application->run()
#22 {main}

Next exception 'yii\db\Exception' with message 'SQLSTATE[42S02]: Base table or view not found: 1146 Table 'yii2advanced.user' doesn't exist
The SQL being executed was: SELECT * FROM `user` WHERE (`username`='demo') AND (`status`=10)' in C:\Users\jhoo\Desktop\www\yii2test\vendor\yiisoft\yii2\db\Schema.php:532
Stack trace:
#0 C:\Users\jhoo\Desktop\www\yii2test\vendor\yiisoft\yii2\db\Command.php(836): yii\db\Schema->convertException(Object(PDOException), 'SELECT * FROM `...')
#1 C:\Users\jhoo\Desktop\www\yii2test\vendor\yiisoft\yii2\db\Command.php(364): yii\db\Command->queryInternal('fetch', NULL)
#2 C:\Users\jhoo\Desktop\www\yii2test\vendor\yiisoft\yii2\db\Query.php(243): yii\db\Command->queryOne()
#3 C:\Users\jhoo\Desktop\www\yii2test\vendor\yiisoft\yii2\db\ActiveQuery.php(285): yii\db\Query->one(NULL)
#4 C:\Users\jhoo\Desktop\www\yii2test\vendor\yiisoft\yii2\db\ActiveRecord.php(191): yii\db\ActiveQuery->one()
#5 C:\Users\jhoo\Desktop\www\yii2test\vendor\yiisoft\yii2\db\BaseActiveRecord.php(101): yii\db\ActiveRecord::findByCondition(Array, true)
#6 C:\Users\jhoo\Desktop\www\yii2test\common\models\User.php(82): yii\db\BaseActiveRecord::findOne(Array)
#7 C:\Users\jhoo\Desktop\www\yii2test\common\models\LoginForm.php(73): common\models\User::findByUsername('demo')
#8 C:\Users\jhoo\Desktop\www\yii2test\common\models\LoginForm.php(44): common\models\LoginForm->getUser()
#9 [internal function]: common\models\LoginForm->validatePassword('password', NULL)
#10 C:\Users\jhoo\Desktop\www\yii2test\vendor\yiisoft\yii2\validators\InlineValidator.php(67): call_user_func(Array, 'password', NULL)
#11 C:\Users\jhoo\Desktop\www\yii2test\vendor\yiisoft\yii2\validators\Validator.php(238): yii\validators\InlineValidator->validateAttribute(Object(common\models\LoginForm), 'password')
#12 C:\Users\jhoo\Desktop\www\yii2test\vendor\yiisoft\yii2\base\Model.php(333): yii\validators\Validator->validateAttributes(Object(common\models\LoginForm), Array)
#13 C:\Users\jhoo\Desktop\www\yii2test\common\models\LoginForm.php(58): yii\base\Model->validate()
#14 C:\Users\jhoo\Desktop\www\yii2test\backend\controllers\SiteController.php(68): common\models\LoginForm->login()
#15 [internal function]: backend\controllers\SiteController->actionLogin()
#16 C:\Users\jhoo\Desktop\www\yii2test\vendor\yiisoft\yii2\base\InlineAction.php(55): call_user_func_array(Array, Array)
#17 C:\Users\jhoo\Desktop\www\yii2test\vendor\yiisoft\yii2\base\Controller.php(151): yii\base\InlineAction->runWithParams(Array)
#18 C:\Users\jhoo\Desktop\www\yii2test\vendor\yiisoft\yii2\base\Module.php(455): yii\base\Controller->runAction('login', Array)
#19 C:\Users\jhoo\Desktop\www\yii2test\vendor\yiisoft\yii2\web\Application.php(83): yii\base\Module->runAction('site/login', Array)
#20 C:\Users\jhoo\Desktop\www\yii2test\vendor\yiisoft\yii2\base\Application.php(375): yii\web\Application->handleRequest(Object(yii\web\Request))
#21 C:\Users\jhoo\Desktop\www\yii2test\backend\web\index.php(18): yii\base\Application->run()
#22 {main}
Additional Information:
Array
(
    [0] => 42S02
    [1] => 1146
    [2] => Table 'yii2advanced.user' doesn't exist
)

2015-03-18 11:14:08 [127.0.0.1][-][-][info][application] $_GET = [
    'r' => 'site/login'
]

$_POST = [
    '_csrf' => 'YTk3STRCbjYDdnwbcjZeYBgLA3h/KCcbU0x7ZHEpOng1UVg/fyZbBA=='
    'LoginForm' => [
        'username' => 'demo'
        'password' => 'demo'
        'rememberMe' => '1'
    ]
    'login-button' => ''
]

$_COOKIE = [
    'PHPSESSID' => 'p0sm8uaa62pa9cn3qfu3fh08h3'
    '_csrf' => 'a2d7c008125988728b239b85f9a145ce1eb63e16ef5ce2950f7c79d16e6a0032s:32:\"bOKRFt0Vy241KjI-2uL-EkTNThovKd52\";'
    'a2404_pages' => '2'
    'a2404_times' => '1'
]

$_SESSION = [
    '__flash' => []
    '__returnUrl' => '/'
]

$_SERVER = [
    'MIBDIRS' => 'C:/xampp/php/extras/mibs'
    'MYSQL_HOME' => '\\xampp\\mysql\\bin'
    'OPENSSL_CONF' => 'C:/xampp/apache/bin/openssl.cnf'
    'PHP_PEAR_SYSCONF_DIR' => '\\xampp\\php'
    'PHPRC' => '\\xampp\\php'
    'TMP' => '\\xampp\\tmp'
    'HTTP_HOST' => 'yii2.net'
    'HTTP_CONNECTION' => 'keep-alive'
    'CONTENT_LENGTH' => '198'
    'HTTP_CACHE_CONTROL' => 'max-age=0'
    'HTTP_ACCEPT' => 'text/html,application/xhtml+xml,application/xml;q=0.9,image/webp,*/*;q=0.8'
    'HTTP_ORIGIN' => 'http://yii2.net'
    'HTTP_USER_AGENT' => 'Mozilla/5.0 (Windows NT 6.1; WOW64) AppleWebKit/537.36 (KHTML, like Gecko) Chrome/38.0.2125.122 Safari/537.36'
    'CONTENT_TYPE' => 'application/x-www-form-urlencoded'
    'HTTP_REFERER' => 'http://yii2.net/index.php?r=site%2Flogin'
    'HTTP_ACCEPT_ENCODING' => 'gzip,deflate'
    'HTTP_ACCEPT_LANGUAGE' => 'zh-CN,zh;q=0.8,en;q=0.6'
    'HTTP_COOKIE' => 'PHPSESSID=p0sm8uaa62pa9cn3qfu3fh08h3; _csrf=a2d7c008125988728b239b85f9a145ce1eb63e16ef5ce2950f7c79d16e6a0032s%3A32%3A%22bOKRFt0Vy241KjI-2uL-EkTNThovKd52%22%3B; a2404_pages=2; a2404_times=1'
    'PATH' => 'C:\\ProgramData\\Oracle\\Java\\javapath;C:\\Windows\\system32;C:\\Windows;C:\\Windows\\System32\\Wbem;C:\\Windows\\System32\\WindowsPowerShell\\v1.0\\;C:\\Program Files\\TortoiseSVN\\bin;C:\\Program Files (x86)\\QuickTime\\QTSystem\\;C:\\Program Files (x86)\\SSH Communications Security\\SSH Secure Shell'
    'SystemRoot' => 'C:\\Windows'
    'COMSPEC' => 'C:\\Windows\\system32\\cmd.exe'
    'PATHEXT' => '.COM;.EXE;.BAT;.CMD;.VBS;.VBE;.JS;.JSE;.WSF;.WSH;.MSC'
    'WINDIR' => 'C:\\Windows'
    'SERVER_SIGNATURE' => '<address>Apache/2.4.10 (Win32) OpenSSL/1.0.1i PHP/5.6.3 Server at yii2.net Port 80</address>
'
    'SERVER_SOFTWARE' => 'Apache/2.4.10 (Win32) OpenSSL/1.0.1i PHP/5.6.3'
    'SERVER_NAME' => 'yii2.net'
    'SERVER_ADDR' => '127.0.0.1'
    'SERVER_PORT' => '80'
    'REMOTE_ADDR' => '127.0.0.1'
    'DOCUMENT_ROOT' => 'C:/Users/jhoo/Desktop/www/yii2test/backend/web'
    'REQUEST_SCHEME' => 'http'
    'CONTEXT_PREFIX' => ''
    'CONTEXT_DOCUMENT_ROOT' => 'C:/Users/jhoo/Desktop/www/yii2test/backend/web'
    'SERVER_ADMIN' => 'webmaster@dummy-host2.example.com'
    'SCRIPT_FILENAME' => 'C:/Users/jhoo/Desktop/www/yii2test/backend/web/index.php'
    'REMOTE_PORT' => '61480'
    'GATEWAY_INTERFACE' => 'CGI/1.1'
    'SERVER_PROTOCOL' => 'HTTP/1.1'
    'REQUEST_METHOD' => 'POST'
    'QUERY_STRING' => 'r=site%2Flogin'
    'REQUEST_URI' => '/index.php?r=site%2Flogin'
    'SCRIPT_NAME' => '/index.php'
    'PHP_SELF' => '/index.php'
    'REQUEST_TIME_FLOAT' => 1426673648.467
    'REQUEST_TIME' => 1426673648
]
